[debug] [2019-04-09T05:06:47.441Z] ----------------------------------------------------------------------
[debug] [2019-04-09T05:06:47.444Z] Command:       D:\PROGRAM FILES\NODEJS\node.exe C:\Users\jlind\AppData\Roaming\npm\node_modules\firebase-tools\lib\bin\firebase.js deploy
[debug] [2019-04-09T05:06:47.445Z] CLI Version:   6.3.0
[debug] [2019-04-09T05:06:47.445Z] Platform:      win32
[debug] [2019-04-09T05:06:47.445Z] Node Version:  v8.11.3
[debug] [2019-04-09T05:06:47.446Z] Time:          Tue Apr 09 2019 01:06:47 GMT-0400 (Eastern Daylight Time)
[debug] [2019-04-09T05:06:47.446Z] ----------------------------------------------------------------------
[debug] 
[debug] [2019-04-09T05:06:47.456Z] > command requires scopes: ["email","openid","https://www.googleapis.com/auth/cloudplatformprojects.readonly","https://www.googleapis.com/auth/firebase","https://www.googleapis.com/auth/cloud-platform"]
[debug] [2019-04-09T05:06:47.457Z] > authorizing via signed-in user
[debug] [2019-04-09T05:06:47.457Z] [iam] checking project jakeandmikesfinal for permissions ["firebase.projects.get","firebasehosting.sites.update"]
[debug] [2019-04-09T05:06:47.462Z] >>> HTTP REQUEST POST https://cloudresourcemanager.googleapis.com/v1/projects/jakeandmikesfinal:testIamPermissions  

[debug] [2019-04-09T05:06:47.838Z] <<< HTTP RESPONSE 200
[debug] [2019-04-09T05:06:47.841Z] >>> HTTP REQUEST GET https://firebase.googleapis.com/v1beta1/projects/jakeandmikesfinal  
 
[debug] [2019-04-09T05:06:48.139Z] <<< HTTP RESPONSE 200
[info] 
[info] === Deploying to 'jakeandmikesfinal'...
[info] 
[info] i  deploying hosting
[debug] [2019-04-09T05:06:48.144Z] >>> HTTP REQUEST POST https://firebasehosting.googleapis.com/v1beta1/sites/jakeandmikesfinal/versions  

[debug] [2019-04-09T05:06:48.882Z] <<< HTTP RESPONSE 200
[info] i  hosting[jakeandmikesfinal]: beginning deploy...
[info] i  hosting[jakeandmikesfinal]: found 12 files in public
[debug] [2019-04-09T05:06:48.891Z] [hosting] hash cache [cHVibGlj] load error: lines is not defined
[debug] [2019-04-09T05:06:50.048Z] [hosting] hash cache [cHVibGlj] stored for 12 files
[debug] [2019-04-09T05:06:50.049Z] [hosting][hash queue][FINAL]
[debug] [2019-04-09T05:06:50.049Z] >>> HTTP REQUEST POST https://firebasehosting.googleapis.com/v1beta1/sites/jakeandmikesfinal/versions/5a4f720a05bccce9:populateFiles  
 <request body omitted>
[debug] [2019-04-09T05:06:51.455Z] <<< HTTP RESPONSE 200
[debug] [2019-04-09T05:06:51.458Z] [hosting][populate queue][FINAL]
[debug] [2019-04-09T05:06:51.458Z] [hosting] uploads queued: 3
